2026-06-15 23:50:24,818: ERROR: Caught Exception!
2026-06-15 23:50:24,818: ERROR: -> Message Attribute: Default validation error
Traceback (most recent call last):
  File "/Users/maceugene/Documents/projects/leetcode-practice/SRE-coding-interview-questions/except.py", line 43, in main
    raise ValidationError(**clean_kwargs)
ValidationError: Default validation error
2026-06-15 23:50:24,820: ERROR: -> Code Attribute:    500
Traceback (most recent call last):
  File "/Users/maceugene/Documents/projects/leetcode-practice/SRE-coding-interview-questions/except.py", line 43, in main
    raise ValidationError(**clean_kwargs)
ValidationError: Default validation error


2026-06-15 23:51:25,126: ERROR: Caught Exception!
2026-06-15 23:51:25,127: ERROR: -> Message Attribute: I don't know what to include here
Traceback (most recent call last):
  File "/Users/maceugene/Documents/projects/leetcode-practice/SRE-coding-interview-questions/except.py", line 43, in main
    raise ValidationError(**clean_kwargs)
ValidationError: I don't know what to include here
2026-06-15 23:51:25,128: ERROR: -> Code Attribute:    616
Traceback (most recent call last):
  File "/Users/maceugene/Documents/projects/leetcode-practice/SRE-coding-interview-questions/except.py", line 43, in main
    raise ValidationError(**clean_kwargs)
ValidationError: I don't know what to include here



2026-06-16 01:02:46,329: ERROR: Caught ValidationError!
2026-06-16 01:02:46,329: ERROR: -> Code Attribute:    400
2026-06-16 01:02:46,329: ERROR: -> Message Attribute: --message is required
2026-06-16 01:02:46,329: INFO: Shutting down the process...




2026-06-16 01:07:09,816: ERROR: Caught ValidationError!
2026-06-16 01:07:09,816: ERROR: -> Code Attribute:    400
2026-06-16 01:07:09,816: ERROR: -> Message Attribute: --message is required or cannot be empty;
Invalid code '777', must be one of {'500', '404', '400', '200'}
Traceback (most recent call last):
  File "/Users/maceugene/Documents/projects/leetcode-practice/SRE-coding-interview-questions/except.py", line 54, in main
    validate_inputs(clean_kwargs)
  File "/Users/maceugene/Documents/projects/leetcode-practice/SRE-coding-interview-questions/except.py", line 47, in validate_inputs
    raise ValidationError(message=";\n".join(errors), code="400")
ValidationError: --message is required or cannot be empty;
Invalid code '777', must be one of {'500', '404', '400', '200'}
2026-06-16 01:07:09,818: INFO: Shutting down the process...
2026-06-18 16:28:34,492 - __main__ - ERROR - Caught ValidationError!
2026-06-18 16:28:34,493 - __main__ - ERROR - -> Code Attribute:    400
2026-06-18 16:28:34,493 - __main__ - ERROR - -> Message Attribute: --message is required or cannot be empty;
Invalid code 'None', must be one of {'404', '400', '500', '200'}
Traceback (most recent call last):
  File "/Users/maceugene/Documents/projects/leetcode-practice/SRE-coding-interview-questions/except.py", line 54, in main
    validate_inputs(clean_kwargs)
  File "/Users/maceugene/Documents/projects/leetcode-practice/SRE-coding-interview-questions/except.py", line 47, in validate_inputs
    raise ValidationError(message=";\n".join(errors), code="400")
ValidationError: --message is required or cannot be empty;
Invalid code 'None', must be one of {'404', '400', '500', '200'}
2026-06-18 16:28:34,495 - __main__ - INFO - Shutting down the process...
